2020-01-08 23:57:07,082 - root - INFO - Fetching city named Tallinn with deal type 1
2020-01-08 23:57:07,082 - root - INFO - https://www.kv.ee/?act=search.objectcoords&deal_type=1&page=1&orderby=ob&page_size=10000&search_type=new&county=1&parish=1061&zoom=25&rooms_min=1&rooms_max=1
2020-01-08 23:57:07,089 - urllib3.connectionpool - DEBUG - Starting new HTTPS connection (1): www.kv.ee:443
2020-01-08 23:57:07,201 - urllib3.connectionpool - DEBUG - https://www.kv.ee:443 "GET /?act=search.objectcoords&deal_type=1&page=1&orderby=ob&page_size=10000&search_type=new&county=1&parish=1061&zoom=25&rooms_min=1&rooms_max=1 HTTP/1.1" 200 None
2020-01-08 23:57:07,204 - root - DEBUG - [['59.4531196', '24.6878647999999', '3196295'], ['59.437864', '24.8029401', '3139524'], ['59.4347463', '24.8251614000001', '3186028'], ['59.4496296', '24.9005506', '3094199'], ['59.4305164', '24.7266', '3193560'], ['59.4333906', '24.8106949', '3202253'], ['59.4509086', '24.8637624', '3203375'], ['59.4078571', '24.654393', '3103258'], ['59.4523935', '24.8618362', '3189536'], ['59.4553403', '24.6822159', '3203194'], ['59.4134234', '24.7425591', '3199636'], ['59.4569625', '24.6858294', '3203546'], ['59.4491818', '24.8066319', '2929830'], ['59.4413516762012', '24.7194990576721', '3202747'], ['59.4332567', '24.8030845000001', '3201912'], ['59.4212685', '24.7395605', '3190449'], ['59.405168', '24.691141', '3104403'], ['59.4404031', '24.7776742', '3202512'], ['59.3998628', '24.6616069', '3196966'], ['59.4279951', '24.7416852', '3187882'], ['59.4429778', '24.8127532', '3128354'], ['59.3737904', '24.719406', '3201766'], ['59.4300904', '24.802827', '3183564'], ['59.4457159', '24.7459984', '3135855'], ['59.467036132529', '24.649786550598', '1924107'], ['59.4062365', '24.6786988', '3185668'], ['59.4178089', '24.650273', '3175217'], ['59.4433189', '24.8691191', '3198171'], ['59.4546218', '24.6809671', '3197254'], ['59.3990837', '24.7041365', '3156366'], ['59.4360255', '24.7610112', '3190594'], ['59.3896723', '24.7164033', '3169178'], ['59.4158835', '24.7441808', '3196329'], ['59.439642', '24.8203615', '3203850'], ['59.4403254', '24.8698349', '3188011'], ['59.4274012', '24.7363049', '3050500'], ['59.4555517', '24.6792194', '3169125'], ['59.4440382', '24.7243467', '3159565'], ['59.434007', '24.7724315', '3200372'], ['59.4325017', '24.8179706', '3183259'], ['59.4389552', '24.8050107', '3196936'], ['59.4507948', '24.8508825', '3187543'], ['59.4333906', '24.8106949', '3198998'], ['59.4486923', '24.8525224', '3199644'], ['59.4458156', '24.8157003', '3189850'], ['59.4567716', '24.6765439000001', '3044901'], ['59.4581762', '24.6683603', '3201621'], ['59.4422291', '24.8404581', '3194881'], ['59.4504482', '24.853207', '3192619'], ['59.4076218', '24.6444637', '3195033'], ['59.4504083', '24.818557', '3173867'], ['59.4384306', '24.7728166', '3141222'], ['59.4386208', '24.8793665', '3198562'], ['59.4255935', '24.8027072', '3117630'], ['59.4241135', '24.7019405', '3186239'], ['59.3901287', '24.6950306', '3202318'], ['59.4572133', '24.6845969', '3192387'], ['59.4158835', '24.7441808', '3092004'], ['59.4346946', '24.7192138', '3202128'], ['59.4134568', '24.7393999', '3185457'], ['59.4534687', '24.7086078', '3199492'], ['59.4157485', '24.739406', '3186413'], ['59.435442', '24.8243848', '3198872'], ['59.4383249', '24.8242938999999', '3199865'], ['59.4389552', '24.8050107', '3196917'], ['59.4115448', '24.6937027', '3201264'], ['59.4248019', '24.7026224', '3192417'], ['59.4290551', '24.7920667999999', '3179484'], ['59.4328329', '24.7607151', '3119754'], ['59.4333906', '24.8106949', '3198999'], ['59.4308545', '24.7510652999999', '3197546'], ['59.4085334', '24.6704526999999', '3185927'], ['59.4183289', '24.6452918', '3193479'], ['59.4460998', '24.7425837', '3159413'], ['59.4534254', '24.8796451000001', '3191385'], ['59.4251374', '24.7808777', '3203000'], ['59.4333906', '24.8106949', '3198988'], ['59.4389552', '24.8050107', '3190163'], ['59.4268867', '24.7317958', '3109883'], ['59.4094172', '24.6667048', '3127094'], ['59.4581762', '24.6683603', '3144635'], ['59.4404031', '24.7776742', '3203702'], ['59.442579', '24.886916', '3187330'], ['59.4508584', '24.7013786', '3194214'], ['59.4181142', '24.7240975', '3198129'], ['59.4279699', '24.7329306', '3196278'], ['59.413782', '24.738524', '3184084'], ['59.4018264', '24.6948981', '3186296'], ['59.4094172', '24.6667048', '3143825'], ['59.4301043401059', '24.7446070465576', '3000083'], ['59.4460998', '24.7425837', '3159438'], ['59.4375697', '24.8498326', '3174205'], ['59.4315963', '24.7258269', '3198533'], ['59.4276433', '24.7403683', '3138976'], ['59.4460998', '24.7425837', '3170890'], ['59.4375851', '24.7756642', '3117529'], ['59.4062234', '24.6744931000001', '3202448'], ['59.4553403', '24.6822159', '3203205'], ['59.408071', '24.6714113', '3189500'], ['59.4369417', '24.7567263', '2961632'], ['59.4471356', '24.885507', '3200103'], ['59.4095211', '24.648868', '3202283'], ['59.432543', '24.8541599', '3201351'], ['59.4254372170982', '24.7379977523927', '3197108'], ['59.382818701442', '24.660615921021', '3139927'], ['59.4291334', '24.6131477', '3167579'], ['59.4369608', '24.7535746999999', '3199292'], ['59.4440045', '24.8962102', '3198351'], ['59.4330037', '24.8093472', '3195364'], ['59.4607217619166', '24.6804573629465', '3179668'], ['59.4552365', '24.6796909', '3196852'], ['59.4209982', '24.7497572', '3164736'], ['59.4381013', '24.7167478', '3202143'], ['59.4164146', '24.7100187999999', '3200760'], ['59.4465215', '24.893495898565', '3198617'], ['59.4470254', '24.8908178', '3197013'], ['59.4324936', '24.8106213', '3157624'], ['59.4129574', '24.6858091', '3194113'], ['59.4373871', '24.8488919', '3201878'], ['59.4418343', '24.844216', '3196822'], ['59.440229', '24.8269855', '3197503'], ['59.441352', '24.828473', '3175498'], ['59.4504482', '24.853207', '3172561'], ['59.4279699', '24.7329306', '3196280'], ['59.4151172', '24.6517026', '3193902'], ['59.434007', '24.7724315', '3058090'], ['59.4305164', '24.7266', '3194871'], ['59.4439928', '24.8292822999999', '3193709'], ['59.4401181', '24.8151114', '3195070'], ['59.408071', '24.6714113', '3187980'], ['59.4274633095959', '24.7268992536949', '3174896'], ['59.4487304', '24.6896642', '3176305'], ['59.4471215', '24.7315161', '3187898'], ['59.4316046', '24.7929099', '3198631'], ['59.4134721', '24.6770845', '3199550'], ['59.4389552', '24.8050107', '3177555'], ['59.4324737', '24.7264812', '3201805'], ['59.4437295', '24.8687389', '3199511'], ['59.4363869', '24.8269974', '3174426'], ['59.450138', '24.6940366', '3201891'], ['59.3754998', '24.7191832', '3196986'], ['59.4309039', '24.7341465', '3136663'], ['59.4078571', '24.654393', '3103264'], ['59.426304', '24.7523183000001', '3176850'], ['59.4198695', '24.6309957', '3139821'], ['59.4255376', '24.7025502', '3185058'], ['59.4290419', '24.7711084', '3197678'], ['59.4284961', '24.7722215', '2916848'], ['59.446252', '24.742837', '3185206'], ['59.4241827', '24.7025505', '3108343'], ['59.4514569', '24.701989', '3197647'], ['59.432799', '24.8133961', '3191562'], ['59.3900566', '24.7101984', '3157094'], ['59.4530462', '24.8630318', '3188977'], ['59.4234987', '24.7030855', '3179869'], ['59.4438902', '24.901274', '3190823'], ['59.4304534', '24.7450192', '3188023'], ['59.4274606', '24.7270977000001', '3178787'], ['59.4165536', '24.7083703000001', '3113586'], ['59.4270541', '24.7700925', '3169858'], ['59.4248672', '24.7221092', '3152058'], ['59.446252', '24.742837', '577123'], ['59.4078571', '24.654393', '3103131'], ['59.4115448', '24.6937027', '439449'], ['59.4398896', '24.8726782', '3200031'], ['59.4057945', '24.6259836', '3190617'], ['59.4333906', '24.8106949', '3198670'], ['59.444121', '24.689922', '3194027'], ['59.4407595', '24.6244978', '3156361'], ['59.4389552', '24.8050107', '3196925'], ['59.4292807', '24.8351972', '3172022'], ['59.4455353', '24.6979109', '3193611'], ['59.4519826549764', '24.6738540652015', '3083357'], ['59.4483037', '24.699576', '3023857'], ['59.4078571', '24.654393', '3103099'], ['59.3767187', '24.718243', '2982963'], ['59.3689953', '24.6441236000001', '3144914'], ['59.4209982', '24.7497572', '3163980'], ['59.4415928', '24.8896429', '3202902'], ['59.4514908', '24.6888212', '3199164'], ['59.3990837', '24.7041365', '3203146'], ['59.4321935', '24.7786161', '3200632'], ['59.4364483', '24.7316522', '3181078'], ['59.4331367', '24.8081187', '3192140'], ['59.4421878', '24.893534', '3202333'], ['59.4295206', '24.8065351', '3189185'], ['59.4289242703435', '24.7560383053124', '3184412'], ['59.4353607', '24.7790055', '3195283'], ['59.4101791', '24.664391', '3063408'], ['59.452307784209', '24.872382926392', '3197135'], ['59.4235091', '24.7272762', '3185386'], ['59.4420898', '24.6910119', '3197923'], ['59.4275262', '24.7521701000001', '3185499'], ['59.4201103', '24.700325', '3155505'], ['59.435713', '24.8169013', '3198416'], ['59.4389552', '24.8050107', '3190068'], ['59.459777', '24.6693779', '3188877'], ['59.4070345', '24.726133', '3050155'], ['59.4415928', '24.8896429', '3203225'], ['59.4508584', '24.7013786', '3193113'], ['59.4263505', '24.7201141', '3174494'], ['59.4158835', '24.7441808', '3092006'], ['59.4384306', '24.7728165999999', '3176582'], ['59.4360255', '24.7610112', '3190597'], ['59.4299979368425', '24.7444031986724', '3152853'], ['59.4427445', '24.839401', '3194205'], ['59.423193', '24.737363', '3055089'], ['59.4279699', '24.7329306', '3146971'], ['59.4452844', '24.6943383', '3098138'], ['59.3729256', '24.7190601', '3116887'], ['59.4317813', '24.7784811', '3203670'], ['59.4569625', '24.6858294', '3202110'], ['59.4289322', '24.7504303000001', '3199147'], ['59.4279699', '24.7329306', '3120260'], ['59.4455353', '24.6979109', '3201281'], ['59.398614', '24.6630628', '3202467'], ['59.4549637', '24.6894107000001', '3201904'], ['59.4057945', '24.6259836', '3200143'], ['59.4287868', '24.7778676', '3081751'], ['59.4209982', '24.7497572', '3164701'], ['59.4449641', '24.8748006000001', '3199592'], ['59.4328626', '24.7273527', '3159243'], ['59.4385395', '24.76379', '3188572'], ['59.4304672', '24.7450362', '3136795'], ['59.4152103', '24.7409635', '3198884'], ['59.4394611', '24.8721045', '3174160'], ['59.4260235', '24.7682453', '3177249'], ['59.4360255', '24.7610112', '3138049'], ['59.4588248', '24.6811828', '3194927'], ['59.3719483', '24.7186512', '3166623'], ['59.3914981', '24.798208', '3177633'], ['59.4487304', '24.6896642', '3176620'], ['59.4114073', '24.6505216', '3198127'], ['59.4087649', '24.7283556', '3138378'], ['59.437139475545', '24.711113112955', '3201962'], ['59.4403254', '24.8698349', '3200754'], ['59.450919', '24.8188582', '3174044'], ['59.4158835', '24.7441808', '3196776'], ['59.4278829', '24.7172566', '3196654'], ['59.4594277', '24.8822855', '3202378'], ['59.4333906', '24.8106949', '3199290'], ['59.4137791392', '24.7385171116', '3167622'], ['59.4428709', '24.8885313000001', '3203706'], ['59.4062229', '24.676323', '2657788'], ['59.446252', '24.742837', '577140'], ['59.4460998', '24.7425837', '3159439'], ['59.4521043', '24.8629359', '3199360'], ['59.4260235', '24.7682453', '3184402'], ['59.438221694392', '24.763798828794', '3055666'], ['59.394433', '24.651437', '871724'], ['59.4495393', '24.6979845', '3195980'], ['59.4483229', '24.8475641', '3196420'], ['59.431086180769', '24.684890055193', '3179140'], ['59.4240017', '24.7498884', '3197103'], ['59.4037852', '24.6397264', '3151792'], ['59.4229665', '24.7345417', '3180543'], ['59.4577672', '24.6814881', '3198270'], ['59.4296244', '24.744512', '3034143'], ['59.446252', '24.742837', '577109'], ['59.4412902', '24.8281021', '3137967'], ['59.4248321', '24.7506997', '3187942'], ['59.440904', '24.8473979', '3201147'], ['59.4263505', '24.7201141', '3196279'], ['59.4581762', '24.6683603', '3192943'], ['59.4274012', '24.7363049', '3050552'], ['59.3998628', '24.6616069', '3194069'], ['59.4094172', '24.6667048', '3143826'], ['59.4328626', '24.7273527', '3159245'], ['59.430202', '24.718327', '3023593'], ['59.4274012', '24.7363049', '3050511'], ['59.4364483', '24.7316522', '3191249'], ['59.4460998', '24.7425837', '3182727'], ['59.426373', '24.720011', '3120873'], ['59.4389552', '24.8050107', '3183429'], ['59.438769508033', '24.840302467346', '3172352'], ['59.4234987', '24.7030855', '3192112'], ['59.4523935', '24.8618362', '3182924'], ['59.4492248', '24.8782069', '3203148'], ['59.4268317', '24.8124553', '3039566'], ['59.4444491', '24.7234188', '3196188'], ['59.4384306', '24.7728166', '3178956'], ['59.4455353', '24.6979109', '3183932'], ['59.4206297', '24.6424877', '3201871'], ['59.4169429468077', '24.7440357497376', '3198683'], ['59.4290419', '24.7711084', '3193373'], ['59.4386208', '24.8793665', '3069949'], ['59.4094172', '24.6667048', '3127095'], ['59.4384306', '24.7728166', '3141224'], ['59.450321', '24.7129339000001', '3101475'], ['59.4431983', '24.8857743', '3192567'], ['59.4523301', '24.6793867', '3175284'], ['59.426304', '24.7523183000001', '3176849'], ['59.4316046', '24.7929099', '3198632'], ['59.4296244', '24.744512', '3136787'], ['59.4489691', '24.8512951', '3199910'], ['59.4431554', '24.7425372', '2530415'], ['59.4189354', '24.6328399', '3187739'], ['59.4412477', '24.6214934', '3200821'], ['59.4031666', '24.6376721', '3166673'], ['59.4330037', '24.8093472', '3202050'], ['59.4373871', '24.8488919', '3198100'], ['59.4212685', '24.7395605', '3200050'], ['59.450919', '24.8188582', '3174032'], ['59.4057262', '24.6929124', '3203227'], ['59.4062234', '24.6744931000001', '3193803'], ['59.451411063401', '24.68939741333', '2961666'], ['59.440218', '24.81546', '577100'], ['59.4460998', '24.7425837', '3159414'], ['59.4458982', '24.8855406', '3199356'], ['59.4263505', '24.7201141', '3196277'], ['59.4360255', '24.7610112', '3194385'], ['59.4491818', '24.806632', '3183245'], ['59.4489656', '24.6909905', '3127632'], ['59.437864', '24.8029401', '3141412'], ['59.4480637', '24.7407708', '3194009'], ['59.4491818', '24.806632', '3194922'], ['59.4492979', '24.8530629', '3198394'], ['59.4158835', '24.7441808', '3087193'], ['59.4389552', '24.8050107', '3196922'], ['59.4382086', '24.8426557', '3186751'], ['59.4333906', '24.8106949', '3199237'], ['59.4126949', '24.6442767', '3202369'], ['59.4263505', '24.7201141', '3196281'], ['59.4421861', '24.7270458', '3188426'], ['59.4480665', '24.6913253', '3185815'], ['59.4023149', '24.6958056', '3203156'], ['59.405168', '24.691141', '3104401'], ['59.4291302', '24.6988887', '3069361'], ['59.4279699', '24.7329306', '3196276'], ['59.4569625', '24.6858294', '3202109'], ['59.446252', '24.742837', '577113'], ['59.4496296', '24.9005506', '3094201'], ['59.394333', '24.6418801', '3198864'], ['59.4389552', '24.8050107', '3183430'], ['59.4292058', '24.6126181', '3167608'], ['59.3991941', '24.6622956', '3200120'], ['59.4053325', '24.6588214999999', '3179931'], ['59.4200888947242', '24.7501722095703', '3163747'], ['59.4496296', '24.9005506', '3094203'], ['59.4494247', '24.7241779', '3175356'], ['59.459777', '24.6693779', '2859011'], ['59.4383332', '24.7219008', '3202782'], ['59.4504141335401', '24.6902595981476', '3187055'], ['59.4525337', '24.674471', '3198876'], ['59.4418317', '24.7385734', '3068960'], ['59.43927035', '24.7816383', '3182442'], ['59.4181142', '24.7240975', '3174014'], ['59.434007', '24.7724315', '3058157'], ['59.4189354', '24.6328399', '3187760'], ['59.4286964', '24.7228230000001', '3169885'], ['59.4385754', '24.8742463999999', '3194492'], ['59.4415928', '24.8896429', '3203072'], ['59.4403067', '24.7789059', '3158953'], ['59.4004353', '24.7182311', '3193834'], ['59.3618051', '24.6326787', '3180475'], ['59.4291526', '24.7750387', '3169248'], ['59.4384306', '24.7728166', '3141225'], ['59.4455353', '24.6979109', '3202539'], ['59.431588', '24.7622681', '3170824'], ['59.4427445', '24.839401', '3202583'], ['59.399901', '24.686457', '3100540'], ['59.4381766', '24.7638766', '2942534'], ['59.4496296', '24.9005506', '3094196'], ['59.4581762', '24.6683603', '3192942'], ['59.3754998', '24.7191832', '3201957'], ['59.4498552', '24.7177357', '3144173'], ['59.4396621', '24.8128185', '3189084'], ['59.4263505', '24.7201141', '3199915'], ['59.428168', '24.7897102', '3200877'], ['59.4094172', '24.6667048', '3127044'], ['59.4328626', '24.7273527', '3159244'], ['59.4401181', '24.8151114', '3195073'], ['59.4304672', '24.7450362', '3009089'], ['59.4142422535942', '24.7413572537962', '3203626'], ['59.4094172', '24.6667048', '3182016'], ['59.437287', '24.773824', '3120871'], ['59.4291302', '24.6988887', '3170056'], ['59.4331367', '24.8081187', '3129369'], ['59.4158835', '24.7441808', '3198487'], ['59.4338035', '24.7128693', '3192581'], ['59.4455353', '24.6979109', '3202536'], ['59.4119711', '24.6400364', '3170318'], ['59.450377', '24.7008406', '3195731'], ['59.4209982', '24.7497572', '3164705'], ['59.4199396', '24.6322856', '3187718'], ['59.4525657', '24.6880988', '3185057'], ['59.446252', '24.742837', '3185218'], ['59.4189354', '24.6328399', '3187746'], ['59.4445231', '24.6890685999999', '3181556'], ['59.4390248', '24.7201334', '3200831'], ['59.4525337', '24.674471', '3197267'], ['59.4269687', '24.731475', '3190473'], ['59.4455353', '24.6979109', '3198524'], ['59.4449096', '24.7386603', '3170742'], ['59.4504083', '24.818557', '3173870'], ['59.4572133', '24.6845969', '3203132']]
2020-01-08 23:57:07,206 - urllib3.connectionpool - DEBUG - Starting new HTTPS connection (1): kv.ee:443
2020-01-08 23:57:07,302 - urllib3.connectionpool - DEBUG - https://kv.ee:443 "GET /?act=search.objectinfo&object_id=3196295 HTTP/1.1" 302 154
2020-01-08 23:57:07,305 - urllib3.connectionpool - DEBUG - Starting new HTTP connection (1): www.kv.ee:80
2020-01-08 23:57:07,378 - urllib3.connectionpool - DEBUG - http://www.kv.ee:80 "GET /?act=search.objectinfo&object_id=3196295 HTTP/1.1" 301 178
2020-01-08 23:57:07,382 - urllib3.connectionpool - DEBUG - Starting new HTTPS connection (1): www.kv.ee:443
2020-01-08 23:57:07,491 - urllib3.connectionpool - DEBUG - https://www.kv.ee:443 "GET /?act=search.objectinfo&object_id=3196295 HTTP/1.1" 200 None
2020-01-08 23:57:07,533 - urllib3.connectionpool - DEBUG - https://kv.ee:443 "GET /?act=search.objectinfo&object_id=3139524 HTTP/1.1" 302 154
2020-01-08 23:57:07,546 - urllib3.connectionpool - DEBUG - http://www.kv.ee:80 "GET /?act=search.objectinfo&object_id=3139524 HTTP/1.1" 301 178
2020-01-08 23:57:07,614 - urllib3.connectionpool - DEBUG - https://www.kv.ee:443 "GET /?act=search.objectinfo&object_id=3139524 HTTP/1.1" 200 None
2020-01-08 23:57:07,630 - urllib3.connectionpool - DEBUG - https://kv.ee:443 "GET /?act=search.objectinfo&object_id=3186028 HTTP/1.1" 302 154
2020-01-08 23:57:07,642 - urllib3.connectionpool - DEBUG - http://www.kv.ee:80 "GET /?act=search.objectinfo&object_id=3186028 HTTP/1.1" 301 178
2020-01-08 23:57:07,685 - urllib3.connectionpool - DEBUG - https://www.kv.ee:443 "GET /?act=search.objectinfo&object_id=3186028 HTTP/1.1" 200 None
2020-01-08 23:57:07,702 - urllib3.connectionpool - DEBUG - https://kv.ee:443 "GET /?act=search.objectinfo&object_id=3094199 HTTP/1.1" 302 154
2020-01-08 23:57:07,734 - urllib3.connectionpool - DEBUG - http://www.kv.ee:80 "GET /?act=search.objectinfo&object_id=3094199 HTTP/1.1" 301 178
2020-01-08 23:57:07,777 - urllib3.connectionpool - DEBUG - https://www.kv.ee:443 "GET /?act=search.objectinfo&object_id=3094199 HTTP/1.1" 200 None
2020-01-08 23:57:07,795 - urllib3.connectionpool - DEBUG - https://kv.ee:443 "GET /?act=search.objectinfo&object_id=3193560 HTTP/1.1" 302 154
2020-01-08 23:57:07,819 - urllib3.connectionpool - DEBUG - http://www.kv.ee:80 "GET /?act=search.objectinfo&object_id=3193560 HTTP/1.1" 301 178
2020-01-08 23:57:07,869 - urllib3.connectionpool - DEBUG - https://www.kv.ee:443 "GET /?act=search.objectinfo&object_id=3193560 HTTP/1.1" 200 None
2020-01-08 23:57:07,896 - urllib3.connectionpool - DEBUG - https://kv.ee:443 "GET /?act=search.objectinfo&object_id=3202253 HTTP/1.1" 302 154
2020-01-08 23:57:07,918 - urllib3.connectionpool - DEBUG - http://www.kv.ee:80 "GET /?act=search.objectinfo&object_id=3202253 HTTP/1.1" 301 178
2020-01-08 23:57:07,966 - urllib3.connectionpool - DEBUG - https://www.kv.ee:443 "GET /?act=search.objectinfo&object_id=3202253 HTTP/1.1" 200 None
2020-01-08 23:57:07,994 - urllib3.connectionpool - DEBUG - https://kv.ee:443 "GET /?act=search.objectinfo&object_id=3203375 HTTP/1.1" 302 154
2020-01-08 23:57:08,007 - urllib3.connectionpool - DEBUG - http://www.kv.ee:80 "GET /?act=search.objectinfo&object_id=3203375 HTTP/1.1" 301 178
2020-01-08 23:57:08,060 - urllib3.connectionpool - DEBUG - https://www.kv.ee:443 "GET /?act=search.objectinfo&object_id=3203375 HTTP/1.1" 200 None
2020-01-08 23:57:08,077 - urllib3.connectionpool - DEBUG - https://kv.ee:443 "GET /?act=search.objectinfo&object_id=3103258 HTTP/1.1" 302 154
2020-01-08 23:57:08,089 - urllib3.connectionpool - DEBUG - http://www.kv.ee:80 "GET /?act=search.objectinfo&object_id=3103258 HTTP/1.1" 301 178
2020-01-08 23:57:08,128 - urllib3.connectionpool - DEBUG - https://www.kv.ee:443 "GET /?act=search.objectinfo&object_id=3103258 HTTP/1.1" 200 None
2020-01-08 23:57:08,159 - urllib3.connectionpool - DEBUG - https://kv.ee:443 "GET /?act=search.objectinfo&object_id=3189536 HTTP/1.1" 302 154
2020-01-08 23:57:08,180 - urllib3.connectionpool - DEBUG - http://www.kv.ee:80 "GET /?act=search.objectinfo&object_id=3189536 HTTP/1.1" 301 178
2020-01-08 23:57:08,237 - urllib3.connectionpool - DEBUG - https://www.kv.ee:443 "GET /?act=search.objectinfo&object_id=3189536 HTTP/1.1" 200 None
2020-01-08 23:57:08,258 - urllib3.connectionpool - DEBUG - https://kv.ee:443 "GET /?act=search.objectinfo&object_id=3203194 HTTP/1.1" 302 154
2020-01-08 23:57:08,274 - urllib3.connectionpool - DEBUG - http://www.kv.ee:80 "GET /?act=search.objectinfo&object_id=3203194 HTTP/1.1" 301 178
2020-01-08 23:57:08,323 - urllib3.connectionpool - DEBUG - https://www.kv.ee:443 "GET /?act=search.objectinfo&object_id=3203194 HTTP/1.1" 200 None
2020-01-08 23:57:08,340 - urllib3.connectionpool - DEBUG - https://kv.ee:443 "GET /?act=search.objectinfo&object_id=3199636 HTTP/1.1" 302 154
2020-01-08 23:57:08,355 - urllib3.connectionpool - DEBUG - http://www.kv.ee:80 "GET /?act=search.objectinfo&object_id=3199636 HTTP/1.1" 301 178
2020-01-08 23:57:08,403 - urllib3.connectionpool - DEBUG - https://www.kv.ee:443 "GET /?act=search.objectinfo&object_id=3199636 HTTP/1.1" 200 None
2020-01-08 23:57:08,420 - urllib3.connectionpool - DEBUG - https://kv.ee:443 "GET /?act=search.objectinfo&object_id=3203546 HTTP/1.1" 302 154
2020-01-08 23:57:08,439 - urllib3.connectionpool - DEBUG - http://www.kv.ee:80 "GET /?act=search.objectinfo&object_id=3203546 HTTP/1.1" 301 178
2020-01-08 23:57:08,492 - urllib3.connectionpool - DEBUG - https://www.kv.ee:443 "GET /?act=search.objectinfo&object_id=3203546 HTTP/1.1" 200 None
2020-01-08 23:57:08,518 - urllib3.connectionpool - DEBUG - https://kv.ee:443 "GET /?act=search.objectinfo&object_id=2929830 HTTP/1.1" 302 154
2020-01-08 23:57:08,539 - urllib3.connectionpool - DEBUG - http://www.kv.ee:80 "GET /?act=search.objectinfo&object_id=2929830 HTTP/1.1" 301 178
2020-01-08 23:57:08,589 - urllib3.connectionpool - DEBUG - https://www.kv.ee:443 "GET /?act=search.objectinfo&object_id=2929830 HTTP/1.1" 200 None
2020-01-08 23:57:08,607 - urllib3.connectionpool - DEBUG - https://kv.ee:443 "GET /?act=search.objectinfo&object_id=3202747 HTTP/1.1" 302 154
2020-01-08 23:57:08,623 - urllib3.connectionpool - DEBUG - http://www.kv.ee:80 "GET /?act=search.objectinfo&object_id=3202747 HTTP/1.1" 301 178
2020-01-08 23:57:08,682 - urllib3.connectionpool - DEBUG - https://www.kv.ee:443 "GET /?act=search.objectinfo&object_id=3202747 HTTP/1.1" 200 None
2020-01-08 23:57:08,703 - urllib3.connectionpool - DEBUG - https://kv.ee:443 "GET /?act=search.objectinfo&object_id=3201912 HTTP/1.1" 302 154
2020-01-08 23:57:08,719 - urllib3.connectionpool - DEBUG - http://www.kv.ee:80 "GET /?act=search.objectinfo&object_id=3201912 HTTP/1.1" 301 178
2020-01-08 23:57:08,779 - urllib3.connectionpool - DEBUG - https://www.kv.ee:443 "GET /?act=search.objectinfo&object_id=3201912 HTTP/1.1" 200 None
2020-01-08 23:57:08,798 - urllib3.connectionpool - DEBUG - https://kv.ee:443 "GET /?act=search.objectinfo&object_id=3190449 HTTP/1.1" 302 154
2020-01-08 23:57:08,813 - urllib3.connectionpool - DEBUG - http://www.kv.ee:80 "GET /?act=search.objectinfo&object_id=3190449 HTTP/1.1" 301 178
2020-01-08 23:57:08,884 - urllib3.connectionpool - DEBUG - https://www.kv.ee:443 "GET /?act=search.objectinfo&object_id=3190449 HTTP/1.1" 200 None
2020-01-08 23:57:08,899 - urllib3.connectionpool - DEBUG - https://kv.ee:443 "GET /?act=search.objectinfo&object_id=3104403 HTTP/1.1" 302 154
2020-01-08 23:57:08,914 - urllib3.connectionpool - DEBUG - http://www.kv.ee:80 "GET /?act=search.objectinfo&object_id=3104403 HTTP/1.1" 301 178
2020-01-08 23:57:08,980 - urllib3.connectionpool - DEBUG - https://www.kv.ee:443 "GET /?act=search.objectinfo&object_id=3104403 HTTP/1.1" 200 None
2020-01-08 23:57:08,999 - urllib3.connectionpool - DEBUG - https://kv.ee:443 "GET /?act=search.objectinfo&object_id=3202512 HTTP/1.1" 302 154
2020-01-08 23:57:09,013 - urllib3.connectionpool - DEBUG - http://www.kv.ee:80 "GET /?act=search.objectinfo&object_id=3202512 HTTP/1.1" 301 178
2020-01-08 23:57:09,081 - urllib3.connectionpool - DEBUG - https://www.kv.ee:443 "GET /?act=search.objectinfo&object_id=3202512 HTTP/1.1" 200 None
2020-01-08 23:57:09,098 - urllib3.connectionpool - DEBUG - https://kv.ee:443 "GET /?act=search.objectinfo&object_id=3196966 HTTP/1.1" 302 154
2020-01-08 23:57:09,115 - urllib3.connectionpool - DEBUG - http://www.kv.ee:80 "GET /?act=search.objectinfo&object_id=3196966 HTTP/1.1" 301 178
2020-01-08 23:57:09,173 - urllib3.connectionpool - DEBUG - https://www.kv.ee:443 "GET /?act=search.objectinfo&object_id=3196966 HTTP/1.1" 200 None
2020-01-08 23:57:09,189 - urllib3.connectionpool - DEBUG - https://kv.ee:443 "GET /?act=search.objectinfo&object_id=3187882 HTTP/1.1" 302 154
2020-01-08 23:57:09,201 - urllib3.connectionpool - DEBUG - http://www.kv.ee:80 "GET /?act=search.objectinfo&object_id=3187882 HTTP/1.1" 301 178
2020-01-08 23:57:09,245 - urllib3.connectionpool - DEBUG - https://www.kv.ee:443 "GET /?act=search.objectinfo&object_id=3187882 HTTP/1.1" 200 None
2020-01-08 23:57:09,261 - urllib3.connectionpool - DEBUG - https://kv.ee:443 "GET /?act=search.objectinfo&object_id=3128354 HTTP/1.1" 302 154
2020-01-08 23:57:09,276 - urllib3.connectionpool - DEBUG - http://www.kv.ee:80 "GET /?act=search.objectinfo&object_id=3128354 HTTP/1.1" 301 178
2020-01-08 23:57:09,320 - urllib3.connectionpool - DEBUG - https://www.kv.ee:443 "GET /?act=search.objectinfo&object_id=3128354 HTTP/1.1" 200 None
2020-01-08 23:57:09,336 - urllib3.connectionpool - DEBUG - https://kv.ee:443 "GET /?act=search.objectinfo&object_id=3201766 HTTP/1.1" 302 154
2020-01-08 23:57:09,370 - urllib3.connectionpool - DEBUG - http://www.kv.ee:80 "GET /?act=search.objectinfo&object_id=3201766 HTTP/1.1" 301 178
2020-01-08 23:57:09,429 - urllib3.connectionpool - DEBUG - https://www.kv.ee:443 "GET /?act=search.objectinfo&object_id=3201766 HTTP/1.1" 200 None
2020-01-08 23:57:09,448 - urllib3.connectionpool - DEBUG - https://kv.ee:443 "GET /?act=search.objectinfo&object_id=3183564 HTTP/1.1" 302 154
2020-01-08 23:57:09,465 - urllib3.connectionpool - DEBUG - http://www.kv.ee:80 "GET /?act=search.objectinfo&object_id=3183564 HTTP/1.1" 301 178
2020-01-08 23:57:09,506 - urllib3.connectionpool - DEBUG - https://www.kv.ee:443 "GET /?act=search.objectinfo&object_id=3183564 HTTP/1.1" 200 None
2020-01-08 23:57:09,525 - urllib3.connectionpool - DEBUG - https://kv.ee:443 "GET /?act=search.objectinfo&object_id=3135855 HTTP/1.1" 302 154
2020-01-08 23:57:09,538 - urllib3.connectionpool - DEBUG - http://www.kv.ee:80 "GET /?act=search.objectinfo&object_id=3135855 HTTP/1.1" 301 178
2020-01-08 23:57:09,597 - urllib3.connectionpool - DEBUG - https://www.kv.ee:443 "GET /?act=search.objectinfo&object_id=3135855 HTTP/1.1" 200 None
2020-01-08 23:57:09,613 - urllib3.connectionpool - DEBUG - https://kv.ee:443 "GET /?act=search.objectinfo&object_id=1924107 HTTP/1.1" 302 154
2020-01-08 23:57:09,628 - urllib3.connectionpool - DEBUG - http://www.kv.ee:80 "GET /?act=search.objectinfo&object_id=1924107 HTTP/1.1" 301 178
2020-01-08 23:57:09,678 - urllib3.connectionpool - DEBUG - https://www.kv.ee:443 "GET /?act=search.objectinfo&object_id=1924107 HTTP/1.1" 200 None
2020-01-08 23:57:09,693 - urllib3.connectionpool - DEBUG - https://kv.ee:443 "GET /?act=search.objectinfo&object_id=3185668 HTTP/1.1" 302 154
2020-01-08 23:57:09,706 - urllib3.connectionpool - DEBUG - http://www.kv.ee:80 "GET /?act=search.objectinfo&object_id=3185668 HTTP/1.1" 301 178
2020-01-08 23:57:09,748 - urllib3.connectionpool - DEBUG - https://www.kv.ee:443 "GET /?act=search.objectinfo&object_id=3185668 HTTP/1.1" 200 None
2020-01-08 23:57:09,763 - urllib3.connectionpool - DEBUG - https://kv.ee:443 "GET /?act=search.objectinfo&object_id=3175217 HTTP/1.1" 302 154
2020-01-08 23:57:09,778 - urllib3.connectionpool - DEBUG - http://www.kv.ee:80 "GET /?act=search.objectinfo&object_id=3175217 HTTP/1.1" 301 178
2020-01-08 23:57:09,820 - urllib3.connectionpool - DEBUG - https://www.kv.ee:443 "GET /?act=search.objectinfo&object_id=3175217 HTTP/1.1" 200 None
2020-01-08 23:57:09,835 - urllib3.connectionpool - DEBUG - https://kv.ee:443 "GET /?act=search.objectinfo&object_id=3198171 HTTP/1.1" 302 154
2020-01-08 23:57:09,855 - urllib3.connectionpool - DEBUG - http://www.kv.ee:80 "GET /?act=search.objectinfo&object_id=3198171 HTTP/1.1" 301 178
2020-01-08 23:57:09,898 - urllib3.connectionpool - DEBUG - https://www.kv.ee:443 "GET /?act=search.objectinfo&object_id=3198171 HTTP/1.1" 200 None
2020-01-08 23:57:09,942 - urllib3.connectionpool - DEBUG - https://kv.ee:443 "GET /?act=search.objectinfo&object_id=3197254 HTTP/1.1" 302 154
2020-01-08 23:57:09,958 - urllib3.connectionpool - DEBUG - http://www.kv.ee:80 "GET /?act=search.objectinfo&object_id=3197254 HTTP/1.1" 301 178
2020-01-08 23:57:09,999 - urllib3.connectionpool - DEBUG - https://www.kv.ee:443 "GET /?act=search.objectinfo&object_id=3197254 HTTP/1.1" 200 None
2020-01-08 23:57:10,017 - urllib3.connectionpool - DEBUG - https://kv.ee:443 "GET /?act=search.objectinfo&object_id=3156366 HTTP/1.1" 302 154
2020-01-08 23:57:10,040 - urllib3.connectionpool - DEBUG - http://www.kv.ee:80 "GET /?act=search.objectinfo&object_id=3156366 HTTP/1.1" 301 178
2020-01-08 23:57:10,081 - urllib3.connectionpool - DEBUG - https://www.kv.ee:443 "GET /?act=search.objectinfo&object_id=3156366 HTTP/1.1" 200 None
2020-01-08 23:57:10,096 - urllib3.connectionpool - DEBUG - https://kv.ee:443 "GET /?act=search.objectinfo&object_id=3190594 HTTP/1.1" 302 154
2020-01-08 23:57:10,110 - urllib3.connectionpool - DEBUG - http://www.kv.ee:80 "GET /?act=search.objectinfo&object_id=3190594 HTTP/1.1" 301 178
2020-01-08 23:57:10,160 - urllib3.connectionpool - DEBUG - https://www.kv.ee:443 "GET /?act=search.objectinfo&object_id=3190594 HTTP/1.1" 200 None
2020-01-08 23:57:10,176 - urllib3.connectionpool - DEBUG - https://kv.ee:443 "GET /?act=search.objectinfo&object_id=3169178 HTTP/1.1" 302 154
2020-01-08 23:57:10,190 - urllib3.connectionpool - DEBUG - http://www.kv.ee:80 "GET /?act=search.objectinfo&object_id=3169178 HTTP/1.1" 301 178
2020-01-08 23:57:10,236 - urllib3.connectionpool - DEBUG - https://www.kv.ee:443 "GET /?act=search.objectinfo&object_id=3169178 HTTP/1.1" 200 None
2020-01-08 23:57:10,252 - urllib3.connectionpool - DEBUG - https://kv.ee:443 "GET /?act=search.objectinfo&object_id=3196329 HTTP/1.1" 302 154
2020-01-08 23:57:10,264 - urllib3.connectionpool - DEBUG - http://www.kv.ee:80 "GET /?act=search.objectinfo&object_id=3196329 HTTP/1.1" 301 178
2020-01-08 23:57:10,309 - urllib3.connectionpool - DEBUG - https://www.kv.ee:443 "GET /?act=search.objectinfo&object_id=3196329 HTTP/1.1" 200 None
2020-01-08 23:57:10,329 - urllib3.connectionpool - DEBUG - https://kv.ee:443 "GET /?act=search.objectinfo&object_id=3203850 HTTP/1.1" 302 154
2020-01-08 23:57:10,342 - urllib3.connectionpool - DEBUG - http://www.kv.ee:80 "GET /?act=search.objectinfo&object_id=3203850 HTTP/1.1" 301 178
2020-01-08 23:57:10,386 - urllib3.connectionpool - DEBUG - https://www.kv.ee:443 "GET /?act=search.objectinfo&object_id=3203850 HTTP/1.1" 200 None
2020-01-08 23:57:10,401 - urllib3.connectionpool - DEBUG - https://kv.ee:443 "GET /?act=search.objectinfo&object_id=3188011 HTTP/1.1" 302 154
